<?xml version="1.0" encoding="UTF-8"?>
<testsuite name="com.cabinvoice.CabInVoiceTest" tests="1" skipped="0" failures="0" errors="0" timestamp="2021-06-16T14:23:07" hostname="DESKTOP-4QDC4A3" time="0.006">
  <properties/>
  <testcase name="givenMultipleRides_ShouldReturnTotalFare" classname="com.cabinvoice.CabInVoiceTest" time="0.006"/>
  <system-out><![CDATA[]]></system-out>
  <system-err><![CDATA[]]></system-err>
</testsuite>
