<?xml version="1.0" encoding="UTF-8"?>
<testsuite name="com.cabinvoice.CabInVoiceTest" tests="1" skipped="0" failures="0" errors="0" timestamp="2021-06-16T17:11:32" hostname="DESKTOP-4QDC4A3" time="0.01">
  <properties/>
  <testcase name="givenUserId_ShouldReturnInVoiceSummary" classname="com.cabinvoice.CabInVoiceTest" time="0.01"/>
  <system-out><![CDATA[]]></system-out>
  <system-err><![CDATA[]]></system-err>
</testsuite>
