<?xml version="1.0" encoding="UTF-8"?>
<testsuite name="com.cabinvoice.CabInVoiceTest" tests="2" skipped="0" failures="0" errors="0" timestamp="2021-06-16T14:02:00" hostname="DESKTOP-4QDC4A3" time="0.005">
  <properties/>
  <testcase name="givenLessDistanceAndTime_ShouldReturnMinimumFare" classname="com.cabinvoice.CabInVoiceTest" time="0.003"/>
  <testcase name="givenDistanceAndTime_ShouldReturnTotalFare" classname="com.cabinvoice.CabInVoiceTest" time="0.0"/>
  <system-out><![CDATA[]]></system-out>
  <system-err><![CDATA[]]></system-err>
</testsuite>
